%TITLE%
  PRT 000613/2300    36,-100.5 

   LEVEL       HGHT       TEMP       DWPT       WDIR       WSPD
-------------------------------------------------------------------
%RAW%
  919.91,    740.35,     29.57,     18.71,    185.99,     18.97
  900.00,    935.51,     28.13,     19.24,    185.47,     21.34
  875.00,   1185.91,     27.95,     17.44,    182.61,     23.35
  850.00,   1442.32,     25.82,     16.60,    188.09,     25.40
  825.00,   1704.73,     23.54,     15.49,    197.10,     26.00
  800.00,   1973.13,     21.46,     13.74,    205.68,     24.41
  775.00,   2247.15,     19.84,     11.11,    217.42,     21.85
  750.00,   2529.56,     18.25,      8.35,    232.75,     22.40
  725.00,   2819.52,     16.15,      5.86,    242.87,     21.75
  700.00,   3116.50,     13.81,      3.54,    244.56,     21.16
  675.00,   3421.89,     11.15,      1.21,    243.95,     23.14
  650.00,   3734.89,      8.26,     -0.80,    241.56,     26.03
  625.00,   4057.30,      5.32,     -2.94,    242.39,     27.31
  600.00,   4389.28,      2.48,     -5.05,    250.75,     29.47
  575.00,   4732.24,     -0.18,     -7.03,    255.91,     31.61
  550.00,   5086.24,     -2.67,     -9.28,    260.53,     34.71
  525.00,   5454.20,     -5.12,    -11.98,    263.37,     36.57
  500.00,   5835.63,     -7.53,    -15.08,    265.20,     36.18
  475.00,   6232.61,    -10.29,    -18.31,    268.22,     34.84
  450.00,   6646.61,    -13.14,    -21.98,    274.59,     32.56
  425.00,   7079.00,    -16.24,    -25.61,    281.71,     31.70
  400.00,   7532.97,    -19.70,    -29.08,    286.74,     32.20
  375.00,   8008.36,    -23.34,    -32.59,    291.66,     33.69
  350.00,   8509.71,    -27.16,    -36.01,    296.46,     37.69
  325.00,   9038.71,    -31.20,    -39.78,    300.16,     43.41
  300.00,   9601.08,    -35.57,    -44.30,    302.26,     47.93
  275.00,  10199.48,    -40.31,    -49.33,    304.69,     52.74
  250.00,  10843.48,    -44.99,    -54.71,    307.21,     52.25
  225.00,  11539.06,    -49.71,    -60.08,    310.49,     49.29
  200.00,  12303.28,    -53.29,    -63.07,    312.94,     45.32
  175.00,  13154.11,    -57.26,    -65.22,    306.43,     33.88
  150.00,  14118.15,    -61.98,    -67.57,    298.83,     34.30
  125.00,  15240.57,    -64.43,    -71.56,    291.28,     33.60
  100.00,  16614.18,    -63.89,    -72.21,    267.66,     14.90
   75.00,  18385.06,    -61.98,    -67.57,    298.83,     34.30
   50.00,  20880.97,    -61.98,    -67.57,    298.83,     34.30
%END%

----- Parcel Information-----
*** MU PARCEL IN LOWEST 300mb ***
LPL:  P=900  T=83F  Td=67F
CAPE:              3686 J/kg
CINH:              -134 J/kg
LI:                  -9 C
LI(300mb):          -13 C
3km Cape:            36 J/kg
NCAPE:             0.34 m/s2

LCL:	   790mb       1338m
LFC:       700mb       2376m
EL:        150mb      13378m
MPL:        92mb      16387m
All heights AGL

----- Moisture -----
Precip Water:	 1.50 in
Mean W:          14.4 g/Kg

----- Lapse Rates -----
700-500mb   21 C 	8.2 C/km
850-500mb   36 C	8.1 C/km

----- Note -----
Old Title:  RUC 000613/2300F000    36;-100.5 

